Using pre-set license
Built from '2020.3/staging' branch; Version is '2020.3.17f1 (a4537701e4ab) revision 10769271'; Using compiler version '192528614'; Build Type 'Release'
OS: 'Windows 10 Pro; OS build 19043.1202; Version 2009; 64bit' Language: 'en' Physical Memory: 32717 MB
BatchMode: 1, IsHumanControllingUs: 0, StartBugReporterOnCrash: 0, Is64bit: 1, IsPro: 0

COMMAND LINE ARGUMENTS:
C:\Users\AKRob\Unity_Editors\2020.3.17f1\Editor\Unity.exe
-adb2
-batchMode
-noUpm
-name
AssetImportWorker0
-projectPath
C:/Users/AKRob/Unity Projects/cs486_HW0/Unity_Shipyard
-logFile
Logs/AssetImportWorker0.log
-srvPort
55408
Successfully changed project path to: C:/Users/AKRob/Unity Projects/cs486_HW0/Unity_Shipyard
C:/Users/AKRob/Unity Projects/cs486_HW0/Unity_Shipyard
Using Asset Import Pipeline V2.
Refreshing native plugins compatible for Editor in 26.06 ms, found 2 plugins.
Preloading 0 native plugins for Editor in 0.00 ms.
Initialize engine version: 2020.3.17f1 (a4537701e4ab)
[Subsystems] Discovering subsystems at path C:/Users/AKRob/Unity_Editors/2020.3.17f1/Editor/Data/Resources/UnitySubsystems
[Subsystems] Discovering subsystems at path C:/Users/AKRob/Unity Projects/cs486_HW0/Unity_Shipyard/Assets
GfxDevice: creating device client; threaded=0
Direct3D:
    Version:  Direct3D 11.0 [level 11.1]
    Renderer: NVIDIA GeForce RTX 2070 SUPER (ID=0x1e84)
    Vendor:   
    VRAM:     8011 MB
    Driver:   30.0.14.7196
Initialize mono
Mono path[0] = 'C:/Users/AKRob/Unity_Editors/2020.3.17f1/Editor/Data/Managed'
Mono path[1] = 'C:/Users/AKRob/Unity_Editors/2020.3.17f1/Editor/Data/MonoBleedingEdge/lib/mono/unityjit'
Mono config path = 'C:/Users/AKRob/Unity_Editors/2020.3.17f1/Editor/Data/MonoBleedingEdge/etc'
Using monoOptions --debugger-agent=transport=dt_socket,embedding=1,server=y,suspend=n,address=127.0.0.1:56548
Begin MonoManager ReloadAssembly
Registering precompiled unity dll's ...
Register platform support module: C:/Users/AKRob/Unity_Editors/2020.3.17f1/Editor/Data/PlaybackEngines/WindowsStandaloneSupport/UnityEditor.WindowsStandalone.Extensions.dll
Registered in 0.001661 seconds.
Native extension for WindowsStandalone target not found
Refreshing native plugins compatible for Editor in 26.30 ms, found 2 plugins.
Preloading 0 native plugins for Editor in 0.00 ms.
Mono: successfully reloaded assembly
- Completed reload, in  0.845 seconds
Domain Reload Profiling:
	ReloadAssembly (845ms)
		BeginReloadAssembly (42ms)
			ExecutionOrderSort (0ms)
			DisableScriptedObjects (0ms)
			BackupInstance (0ms)
			ReleaseScriptingObjects (0ms)
			CreateAndSetChildDomain (1ms)
		EndReloadAssembly (314ms)
			LoadAssemblies (41ms)
			RebuildTransferFunctionScriptingTraits (0ms)
			SetupTypeCache (116ms)
			ReleaseScriptCaches (0ms)
			RebuildScriptCaches (25ms)
			SetupLoadedEditorAssemblies (124ms)
				LogAssemblyErrors (0ms)
				InitializePlatformSupportModulesInManaged (3ms)
				SetLoadedEditorAssemblies (0ms)
				RefreshPlugins (26ms)
				BeforeProcessingInitializeOnLoad (7ms)
				ProcessInitializeOnLoadAttributes (63ms)
				ProcessInitializeOnLoadMethodAttributes (24ms)
				AfterProcessingInitializeOnLoad (0ms)
				EditorAssembliesLoaded (0ms)
			ExecutionOrderSort2 (0ms)
			AwakeInstancesAfterBackupRestoration (0ms)
Platform modules already initialized, skipping
Registering precompiled user dll's ...
Registered in 0.003124 seconds.
Begin MonoManager ReloadAssembly
Native extension for WindowsStandalone target not found
Refreshing native plugins compatible for Editor in 0.31 ms, found 2 plugins.
Preloading 0 native plugins for Editor in 0.00 ms.
Mono: successfully reloaded assembly
- Completed reload, in  0.831 seconds
Domain Reload Profiling:
	ReloadAssembly (832ms)
		BeginReloadAssembly (119ms)
			ExecutionOrderSort (0ms)
			DisableScriptedObjects (3ms)
			BackupInstance (0ms)
			ReleaseScriptingObjects (0ms)
			CreateAndSetChildDomain (15ms)
		EndReloadAssembly (660ms)
			LoadAssemblies (66ms)
			RebuildTransferFunctionScriptingTraits (0ms)
			SetupTypeCache (209ms)
			ReleaseScriptCaches (0ms)
			RebuildScriptCaches (32ms)
			SetupLoadedEditorAssemblies (280ms)
				LogAssemblyErrors (0ms)
				InitializePlatformSupportModulesInManaged (4ms)
				SetLoadedEditorAssemblies (0ms)
				RefreshPlugins (0ms)
				BeforeProcessingInitializeOnLoad (43ms)
				ProcessInitializeOnLoadAttributes (223ms)
				ProcessInitializeOnLoadMethodAttributes (4ms)
				AfterProcessingInitializeOnLoad (6ms)
				EditorAssembliesLoaded (0ms)
			ExecutionOrderSort2 (0ms)
			AwakeInstancesAfterBackupRestoration (5ms)
Platform modules already initialized, skipping
========================================================================
Worker process is ready to serve import requests
Launched and connected shader compiler UnityShaderCompiler.exe after 0.05 seconds
Refreshing native plugins compatible for Editor in 0.29 ms, found 2 plugins.
Preloading 0 native plugins for Editor in 0.00 ms.
Unloading 1400 Unused Serialized files (Serialized files now loaded: 0)
System memory in use before: 65.1 MB.
System memory in use after: 65.2 MB.

Unloading 18 unused Assets to reduce memory usage. Loaded Objects now: 1833.
Total: 2.695000 ms (FindLiveObjects: 0.139800 ms CreateObjectMapping: 0.026900 ms MarkObjects: 2.466100 ms  DeleteObjects: 0.061000 ms)

AssetImportParameters requested are different than current active one (requested -> active):
  custom:framework-win-MediaFoundation: 216162199b28c13a410421893ffa2e32 -> 
  custom:video-decoder-ogg-theora: a1e56fd34408186e4bbccfd4996cb3dc -> 
  custom:container-muxer-webm: aa71ff27fc2769a1b78a27578f13a17b -> 
  custom:container-demuxer-webm: 4f35f7cbe854078d1ac9338744f61a02 -> 
  custom:container-demuxer-ogg: 62fdf1f143b41e24485cea50d1cbac27 -> 
  custom:video-encoder-webm-vp8: eb34c28f22e8b96e1ab97ce403110664 -> 
  custom:video-decoder-webm-vp8: 9c59270c3fd7afecdb556c50c9e8de78 -> 
  custom:audio-decoder-ogg-vorbis: bf7c407c2cedff20999df2af8eb42d56 -> 
  custom:audio-encoder-webm-vorbis: bf7c407c2cedff20999df2af8eb42d56 -> 
========================================================================
Received Import Request.
  path: Assets/SpaceAssets/Truss/truss2x.mat
  artifactKey: Guid(b08ef2220223209b9a6dcbbdb4ae1e67) Importer(815301076,1909f56bfc062723c751e8b465ee728b)
Start importing Assets/SpaceAssets/Truss/truss2x.mat using Guid(b08ef2220223209b9a6dcbbdb4ae1e67) Importer(815301076,1909f56bfc062723c751e8b465ee728b)  -> (artifact id: '2a2787e9d57caae968cc758466bfa3a5') in 0.253746 seconds 
  Import took 0.255778 seconds .

========================================================================
Received Import Request.
  Time since last request: 0.000167 seconds.
  path: Assets/SpaceAssets/Truss/gridTexture.png
  artifactKey: Guid(ad3117932b219342f8c5c73ea1d960bb) Importer(815301076,1909f56bfc062723c751e8b465ee728b)
Start importing Assets/SpaceAssets/Truss/gridTexture.png using Guid(ad3117932b219342f8c5c73ea1d960bb) Importer(815301076,1909f56bfc062723c751e8b465ee728b)  -> (artifact id: 'a8868f97393d3090b302b7c3ccdb0be2') in 0.023917 seconds 
  Import took 0.025706 seconds .

========================================================================
Received Import Request.
  Time since last request: 0.000170 seconds.
  path: Assets/SpaceAssets/Truss/truss4x.mat
  artifactKey: Guid(bc6bfbf98b66a11b8abd56b8020188e8) Importer(815301076,1909f56bfc062723c751e8b465ee728b)
Start importing Assets/SpaceAssets/Truss/truss4x.mat using Guid(bc6bfbf98b66a11b8abd56b8020188e8) Importer(815301076,1909f56bfc062723c751e8b465ee728b)  -> (artifact id: '16b389b80e6e06bee83b8ae287e3b786') in 0.014316 seconds 
  Import took 0.016356 seconds .

========================================================================
Received Import Request.
  Time since last request: 0.000188 seconds.
  path: Assets/SpaceAssets/Truss/truss1x.mat
  artifactKey: Guid(c23ef60b10cbc388ab7dde5b9c3cfb10) Importer(815301076,1909f56bfc062723c751e8b465ee728b)
Start importing Assets/SpaceAssets/Truss/truss1x.mat using Guid(c23ef60b10cbc388ab7dde5b9c3cfb10) Importer(815301076,1909f56bfc062723c751e8b465ee728b)  -> (artifact id: 'd9ba9bc4979b552d08879d61b1ed76e7') in 0.016481 seconds 
  Import took 0.018684 seconds .

========================================================================
Received Import Request.
  Time since last request: 0.000134 seconds.
  path: Assets/SpaceAssets/Truss
  artifactKey: Guid(26655ff535798b35e8c237bf986598fd) Importer(815301076,1909f56bfc062723c751e8b465ee728b)
Start importing Assets/SpaceAssets/Truss using Guid(26655ff535798b35e8c237bf986598fd) Importer(815301076,1909f56bfc062723c751e8b465ee728b)  -> (artifact id: 'feee154a098e1749268f056c6ba14811') in 0.004780 seconds 
  Import took 0.006452 seconds .

========================================================================
Received Import Request.
  Time since last request: 0.000215 seconds.
  path: Assets/SpaceAssets/Truss/CubeDoubleSided.fbx
  artifactKey: Guid(4fc77731f08f8c91a94a0eebb410f2b5) Importer(815301076,1909f56bfc062723c751e8b465ee728b)
Start importing Assets/SpaceAssets/Truss/CubeDoubleSided.fbx using Guid(4fc77731f08f8c91a94a0eebb410f2b5) Importer(815301076,1909f56bfc062723c751e8b465ee728b)  -> (artifact id: 'd2bfc1ef329cad28086b6c8574075824') in 0.074477 seconds 
  Import took 0.076666 seconds .

========================================================================
Received Import Request.
  Time since last request: 0.000155 seconds.
  path: Assets/SpaceAssets/Truss/truss8x.mat
  artifactKey: Guid(cb8f9966576e7c0ccb619e9d5e57c657) Importer(815301076,1909f56bfc062723c751e8b465ee728b)
Start importing Assets/SpaceAssets/Truss/truss8x.mat using Guid(cb8f9966576e7c0ccb619e9d5e57c657) Importer(815301076,1909f56bfc062723c751e8b465ee728b)  -> (artifact id: 'a71d38aa1ad27b5a142d47c7149d5595') in 0.016403 seconds 
  Import took 0.018697 seconds .

AssetImportWorkerClient::OnTransportError - code=2 error=End of file
